<?xml version="1.0" encoding="UTF-8"?>
<testsuite name="TestCiphxor" tests="1" skipped="0" failures="0" errors="0" timestamp="2022-04-26T10:51:21" hostname="DESKTOP-FRF6OVI" time="0.085">
  <properties/>
  <testcase name="test()" classname="TestCiphxor" time="0.085"/>
  <system-out><![CDATA[]]></system-out>
  <system-err><![CDATA[]]></system-err>
</testsuite>
